<?xml version="1.0" encoding="UTF-8"?>
<!-- Generated by org.testng.reporters.JUnitReportReporter -->
<testsuite hostname="Noha-PC" name="com.microdoers.projecttoemaven.projecttoeAppiumMaven.ProjectToeAndroidTest" tests="30" failures="0" timestamp="25 Aug 2016 13:24:10 GMT" time="680.408" errors="0">
  <testcase name="canBlockUnblockUsers" time="120.235" classname="com.microdoers.projecttoemaven.projecttoeAppiumMaven.ProjectToeAndroidTest"/>
  <testcase name="canAddPending" time="11.534" classname="com.microdoers.projecttoemaven.projecttoeAppiumMaven.ProjectToeAndroidTest"/>
  <testcase name="goToChatTab" time="2.790" classname="com.microdoers.projecttoemaven.projecttoeAppiumMaven.ProjectToeAndroidTest"/>
  <testcase name="commentPost" time="15.514" classname="com.microdoers.projecttoemaven.projecttoeAppiumMaven.ProjectToeAndroidTest"/>
  <testcase name="canTogglePrivateSwitch" time="8.104" classname="com.microdoers.projecttoemaven.projecttoeAppiumMaven.ProjectToeAndroidTest"/>
  <testcase name="canBroadcastMessage" time="20.854" classname="com.microdoers.projecttoemaven.projecttoeAppiumMaven.ProjectToeAndroidTest"/>
  <testcase name="loadGroups" time="6.092" classname="com.microdoers.projecttoemaven.projecttoeAppiumMaven.ProjectToeAndroidTest"/>
  <testcase name="canWriteReview" time="26.064" classname="com.microdoers.projecttoemaven.projecttoeAppiumMaven.ProjectToeAndroidTest"/>
  <testcase name="loadRequests" time="0.883" classname="com.microdoers.projecttoemaven.projecttoeAppiumMaven.ProjectToeAndroidTest"/>
  <testcase name="goToRequestsTab" time="4.198" classname="com.microdoers.projecttoemaven.projecttoeAppiumMaven.ProjectToeAndroidTest"/>
  <testcase name="loadNotifications" time="3.646" classname="com.microdoers.projecttoemaven.projecttoeAppiumMaven.ProjectToeAndroidTest"/>
  <testcase name="canAddRemoveHelper" time="10.631" classname="com.microdoers.projecttoemaven.projecttoeAppiumMaven.ProjectToeAndroidTest"/>
  <testcase name="checkGroupDetails" time="9.618" classname="com.microdoers.projecttoemaven.projecttoeAppiumMaven.ProjectToeAndroidTest"/>
  <testcase name="makePost" time="35.270" classname="com.microdoers.projecttoemaven.projecttoeAppiumMaven.ProjectToeAndroidTest"/>
  <testcase name="signUpValidValues" time="78.619" classname="com.microdoers.projecttoemaven.projecttoeAppiumMaven.ProjectToeAndroidTest"/>
  <testcase name="signIn" time="1.873" classname="com.microdoers.projecttoemaven.projecttoeAppiumMaven.ProjectToeAndroidTest"/>
  <testcase name="canLeaveJoinPrivateGroup" time="54.841" classname="com.microdoers.projecttoemaven.projecttoeAppiumMaven.ProjectToeAndroidTest"/>
  <testcase name="hugPost" time="4.040" classname="com.microdoers.projecttoemaven.projecttoeAppiumMaven.ProjectToeAndroidTest"/>
  <testcase name="addGroup" time="39.182" classname="com.microdoers.projecttoemaven.projecttoeAppiumMaven.ProjectToeAndroidTest"/>
  <testcase name="loadMessages" time="0.604" classname="com.microdoers.projecttoemaven.projecttoeAppiumMaven.ProjectToeAndroidTest"/>
  <testcase name="startGroupChat" time="25.090" classname="com.microdoers.projecttoemaven.projecttoeAppiumMaven.ProjectToeAndroidTest"/>
  <testcase name="makeGroupHelper" time="0.000" classname="com.microdoers.projecttoemaven.projecttoeAppiumMaven.ProjectToeAndroidTest"/>
  <testcase name="searchGroup" time="18.887" classname="com.microdoers.projecttoemaven.projecttoeAppiumMaven.ProjectToeAndroidTest"/>
  <testcase name="startPrivateChat" time="22.735" classname="com.microdoers.projecttoemaven.projecttoeAppiumMaven.ProjectToeAndroidTest"/>
  <testcase name="logIn" time="14.740" classname="com.microdoers.projecttoemaven.projecttoeAppiumMaven.ProjectToeAndroidTest"/>
  <testcase name="canLeaveJoinPublicGroup" time="53.497" classname="com.microdoers.projecttoemaven.projecttoeAppiumMaven.ProjectToeAndroidTest"/>
  <testcase name="canChangeGroupKeywords" time="27.952" classname="com.microdoers.projecttoemaven.projecttoeAppiumMaven.ProjectToeAndroidTest"/>
  <testcase name="ubgradeGroupToPremium" time="0.001" classname="com.microdoers.projecttoemaven.projecttoeAppiumMaven.ProjectToeAndroidTest"/>
  <testcase name="goToNotificationsTab" time="9.110" classname="com.microdoers.projecttoemaven.projecttoeAppiumMaven.ProjectToeAndroidTest"/>
  <testcase name="logout" time="53.804" classname="com.microdoers.projecttoemaven.projecttoeAppiumMaven.ProjectToeAndroidTest"/>
</testsuite> <!-- com.microdoers.projecttoemaven.projecttoeAppiumMaven.ProjectToeAndroidTest -->
