<?xml version="1.0" encoding="UTF-8"?>
<!-- Generated by org.testng.reporters.JUnitReportReporter -->
<testsuite hostname="Noha-PC" name="com.microdoers.projecttoemaven.projecttoeAppiumMaven.ProjectToeAndroidTest" tests="9" failures="0" timestamp="23 Aug 2016 15:31:29 GMT" time="116.062" errors="0">
  <testcase name="signIn" time="2.454" classname="com.microdoers.projecttoemaven.projecttoeAppiumMaven.ProjectToeAndroidTest"/>
  <testcase name="goToChatTab" time="4.106" classname="com.microdoers.projecttoemaven.projecttoeAppiumMaven.ProjectToeAndroidTest"/>
  <testcase name="hugPost" time="4.128" classname="com.microdoers.projecttoemaven.projecttoeAppiumMaven.ProjectToeAndroidTest"/>
  <testcase name="commentPost" time="14.154" classname="com.microdoers.projecttoemaven.projecttoeAppiumMaven.ProjectToeAndroidTest"/>
  <testcase name="logIn" time="14.113" classname="com.microdoers.projecttoemaven.projecttoeAppiumMaven.ProjectToeAndroidTest"/>
  <testcase name="startPrivateChat" time="21.417" classname="com.microdoers.projecttoemaven.projecttoeAppiumMaven.ProjectToeAndroidTest"/>
  <testcase name="makePost" time="34.841" classname="com.microdoers.projecttoemaven.projecttoeAppiumMaven.ProjectToeAndroidTest"/>
  <testcase name="loadMessages" time="0.136" classname="com.microdoers.projecttoemaven.projecttoeAppiumMaven.ProjectToeAndroidTest"/>
  <testcase name="startGroupChat" time="20.713" classname="com.microdoers.projecttoemaven.projecttoeAppiumMaven.ProjectToeAndroidTest"/>
</testsuite> <!-- com.microdoers.projecttoemaven.projecttoeAppiumMaven.ProjectToeAndroidTest -->
