<?xml version="1.0" encoding="UTF-8"?>
<!-- Generated by org.testng.reporters.JUnitReportReporter -->
<testsuite hostname="Noha-PC" name="com.microdoers.projecttoemaven.projecttoeAppiumMaven.ProjectToeAndroidTest" tests="11" failures="0" timestamp="24 Aug 2016 15:38:42 GMT" time="227.334" errors="0">
  <testcase name="signIn" time="8.001" classname="com.microdoers.projecttoemaven.projecttoeAppiumMaven.ProjectToeAndroidTest"/>
  <testcase name="goToChatTab" time="4.926" classname="com.microdoers.projecttoemaven.projecttoeAppiumMaven.ProjectToeAndroidTest"/>
  <testcase name="hugPost" time="5.285" classname="com.microdoers.projecttoemaven.projecttoeAppiumMaven.ProjectToeAndroidTest"/>
  <testcase name="commentPost" time="13.239" classname="com.microdoers.projecttoemaven.projecttoeAppiumMaven.ProjectToeAndroidTest"/>
  <testcase name="logIn" time="14.525" classname="com.microdoers.projecttoemaven.projecttoeAppiumMaven.ProjectToeAndroidTest"/>
  <testcase name="startPrivateChat" time="26.049" classname="com.microdoers.projecttoemaven.projecttoeAppiumMaven.ProjectToeAndroidTest"/>
  <testcase name="logout" time="25.104" classname="com.microdoers.projecttoemaven.projecttoeAppiumMaven.ProjectToeAndroidTest"/>
  <testcase name="signUpValidValues" time="72.598" classname="com.microdoers.projecttoemaven.projecttoeAppiumMaven.ProjectToeAndroidTest"/>
  <testcase name="makePost" time="35.012" classname="com.microdoers.projecttoemaven.projecttoeAppiumMaven.ProjectToeAndroidTest"/>
  <testcase name="loadMessages" time="0.083" classname="com.microdoers.projecttoemaven.projecttoeAppiumMaven.ProjectToeAndroidTest"/>
  <testcase name="startGroupChat" time="22.512" classname="com.microdoers.projecttoemaven.projecttoeAppiumMaven.ProjectToeAndroidTest"/>
</testsuite> <!-- com.microdoers.projecttoemaven.projecttoeAppiumMaven.ProjectToeAndroidTest -->
