<?xml version="1.0" encoding="UTF-8"?>
<!-- Generated by org.testng.reporters.JUnitReportReporter -->
<testsuite hostname="Noha-PC" name="com.microdoers.projecttoemaven.projecttoeAppiumMaven.ProjectToeAndroidTest" tests="5" failures="0" timestamp="9 Aug 2016 19:45:55 GMT" time="311.923" errors="0">
  <testcase name="logIn" time="14.181" classname="com.microdoers.projecttoemaven.projecttoeAppiumMaven.ProjectToeAndroidTest"/>
  <testcase name="browseFromNotifications" time="274.629" classname="com.microdoers.projecttoemaven.projecttoeAppiumMaven.ProjectToeAndroidTest"/>
  <testcase name="goToNotificationsTab" time="4.828" classname="com.microdoers.projecttoemaven.projecttoeAppiumMaven.ProjectToeAndroidTest"/>
  <testcase name="signIn" time="17.823" classname="com.microdoers.projecttoemaven.projecttoeAppiumMaven.ProjectToeAndroidTest"/>
  <testcase name="loadNotifications" time="0.462" classname="com.microdoers.projecttoemaven.projecttoeAppiumMaven.ProjectToeAndroidTest"/>
</testsuite> <!-- com.microdoers.projecttoemaven.projecttoeAppiumMaven.ProjectToeAndroidTest -->
